\BOOKMARK [1][-]{section.1}{Wprowadzenie}{}% 1
\BOOKMARK [2][-]{subsection.1.1}{Przedmiot pracy}{section.1}% 2
\BOOKMARK [2][-]{subsection.1.2}{Problematyka pracy}{section.1}% 3
\BOOKMARK [1][-]{section.2}{Sztuczne sieci neuronowe}{}% 4
\BOOKMARK [2][-]{subsection.2.1}{Budowa sieci neuronowej}{section.2}% 5
\BOOKMARK [3][-]{subsubsection.2.1.1}{Budowa neuronu}{subsection.2.1}% 6
\BOOKMARK [3][-]{subsubsection.2.1.2}{Topologia sieci}{subsection.2.1}% 7
\BOOKMARK [2][-]{subsection.2.2}{Uczenie sieci neuronowej}{section.2}% 8
\BOOKMARK [3][-]{subsubsection.2.2.1}{Regu\233a delta}{subsection.2.2}% 9
\BOOKMARK [3][-]{subsubsection.2.2.2}{Algorytm wstecznej propagacji b\233ed\363w}{subsection.2.2}% 10
\BOOKMARK [1][-]{section.3}{Ekstrakcja cech dzwiekowych}{}% 11
\BOOKMARK [2][-]{subsection.3.1}{Cyfrowa reprezentacja sygna\233u audio}{section.3}% 12
\BOOKMARK [2][-]{subsection.3.2}{Spektralna reprezentacja sygna\233u audio}{section.3}% 13
\BOOKMARK [3][-]{subsubsection.3.2.1}{Transformacja Fouriera}{subsection.3.2}% 14
\BOOKMARK [2][-]{subsection.3.3}{Wstepna obr\363bka sygna\233u}{section.3}% 15
\BOOKMARK [3][-]{subsubsection.3.3.1}{Okno czasowe}{subsection.3.3}% 16
\BOOKMARK [3][-]{subsubsection.3.3.2}{Algorytm wyr\363wnywania poziomu g\233osnosci dzwieku}{subsection.3.3}% 17
\BOOKMARK [2][-]{subsection.3.4}{Cechy dzwieku bazujace na czasowej reprezentacji dzwieku}{section.3}% 18
\BOOKMARK [3][-]{subsubsection.3.4.1}{Wskaznik zmiany znaku \(Zero Crossing Rate\)}{subsection.3.4}% 19
\BOOKMARK [3][-]{subsubsection.3.4.2}{Wskaznik zmian \(Onset rate\)}{subsection.3.4}% 20
\BOOKMARK [2][-]{subsection.3.5}{Cechy dzwieku bazujace na spektralnej reprezentacji dzwieku}{section.3}% 21
\BOOKMARK [3][-]{subsubsection.3.5.1}{Z\233ozonosc spektralna \(Spectral complexity\)}{subsection.3.5}% 22
\BOOKMARK [3][-]{subsubsection.3.5.2}{Kszta\233t spektralny \(Spectral shape\)}{subsection.3.5}% 23
\BOOKMARK [3][-]{subsubsection.3.5.3}{P\233askosc spektralna \(Spectral flatness\)}{subsection.3.5}% 24
\BOOKMARK [3][-]{subsubsection.3.5.4}{Dysonans \(Dissonance\)}{subsection.3.5}% 25
\BOOKMARK [3][-]{subsubsection.3.5.5}{Skala}{subsection.3.5}% 26
\BOOKMARK [1][-]{section.4}{Matematyczny model emocji}{}% 27
\BOOKMARK [1][-]{section.5}{Opis stworzonego systemu}{}% 28
\BOOKMARK [2][-]{subsection.5.1}{Schemat systemu}{section.5}% 29
\BOOKMARK [2][-]{subsection.5.2}{Zastosowane narzedzia}{section.5}% 30
\BOOKMARK [3][-]{subsubsection.5.2.1}{Jezyk programowania oraz biblioteki programistyczne}{subsection.5.2}% 31
\BOOKMARK [3][-]{subsubsection.5.2.2}{System operacyjny}{subsection.5.2}% 32
\BOOKMARK [3][-]{subsubsection.5.2.3}{Baza utwor\363w muzycznych}{subsection.5.2}% 33
\BOOKMARK [3][-]{subsubsection.5.2.4}{Algorytm uczenia maszynowego}{subsection.5.2}% 34
\BOOKMARK [2][-]{subsection.5.3}{Opis aplikacji}{section.5}% 35
\BOOKMARK [2][-]{subsection.5.4}{Uczenie sieci neuronowej}{section.5}% 36
\BOOKMARK [1][-]{section.6}{Uzyskane wyniki}{}% 37
\BOOKMARK [2][-]{subsection.6.1}{Parametry zadowolenia oraz pobudzenia}{section.6}% 38
\BOOKMARK [2][-]{subsection.6.2}{Zaleznosc nastroju od cech dzwiekowych}{section.6}% 39
\BOOKMARK [1][-]{section.7}{Wnioski}{}% 40
\BOOKMARK [2][-]{subsection.7.1}{Ocena dzia\233ania systemu}{section.7}% 41
\BOOKMARK [2][-]{subsection.7.2}{Propozycja usprawnienia}{section.7}% 42
\BOOKMARK [1][-]{subsection.7.2}{Literatura}{}% 43
\BOOKMARK [1][-]{section*.21}{Dodatki}{}% 44
\BOOKMARK [1][-]{Dodatek.1.A}{Obs\233uga programu}{}% 45
\BOOKMARK [2][-]{subsection.1.A.1}{Konfiguracja}{Dodatek.1.A}% 46
\BOOKMARK [2][-]{subsection.1.A.2}{Uruchamianie}{Dodatek.1.A}% 47
